make all --print-data-base --no-builtin-variables --no-builtin-rules --question
make: *** No rule to make target 'all'.  Stop.

# GNU Make 4.3
# Built for x86_64-pc-linux-gnu
# Copyright (C) 1988-2020 Free Software Foundation, Inc.
# License GPLv3+: GNU GPL version 3 or later <http://gnu.org/licenses/gpl.html>
# This is free software: you are free to change and redistribute it.
# There is NO WARRANTY, to the extent permitted by law.

# Make data base, printed on Thu May 12 11:23:47 2022

# Variables

# environment
GDK_BACKEND = x11
# environment
LC_ALL = C
# environment
GTK_RC_FILES = /etc/gtk/gtkrc:/home/yifan/.gtkrc:/home/yifan/.config/gtkrc
# environment
OSH = /home/yifan/.oh-my-bash
# environment
VSCODE_IPC_HOOK_EXTHOST = /run/user/1000/vscode-ipc-eab8dca2-30f6-4f9a-92ee-d31da4f56002.sock
# environment
LC_NAME = zh_CN.UTF-8
# environment
LC_NUMERIC = zh_CN.UTF-8
# environment
VSCODE_CWD = /home/yifan
# makefile (from 'Makefile', line 2)
VERILOG_FILE = $(shell find ./vsrc -name '*.v')
# environment
CAML_LD_LIBRARY_PATH = /home/yifan/.opam/cs3110/lib/stublibs:/home/yifan/.opam/cs3110/lib/ocaml/stublibs:/home/yifan/.opam/cs3110/lib/ocaml
# environment
NVM_DIR = /home/yifan/.nvm
# makefile (from 'Makefile.include', line 2)
DUT_FREQ = 100
# environment
LC_ADDRESS = zh_CN.UTF-8
# environment
LIBVIRT_DEFAULT_URI = qemu:///system
# default
MAKE_COMMAND := make
# makefile (from 'Makefile.include', line 4)
BOARD = sim
# environment
QT_ACCESSIBILITY = 1
# automatic
@D = $(patsubst %/,%,$(dir $@))
# environment
VSCODE_HANDLES_UNCAUGHT_ERRORS = true
# default
.VARIABLES := 
# environment
PWD = /home/yifan/Documents/Fudan/Architecture/Arch-2022Spring-FDU
# automatic
%D = $(patsubst %/,%,$(dir $%))
# environment
LSCOLORS = Gxfxcxdxdxegedabagacad
# makefile (from 'Makefile.include', line 23)
SCALA_OPTS = $(SIMTOP) -td $(@D) --output-file $(@F) --infer-rw $(FPGATOP) --repl-seq-mem -c:$(FPGATOP):-o:$(@D)/$(@F).conf BOARD=$(BOARD) CORE=$(CORE)
# environment
XDG_DATA_DIRS = /usr/share/plasma:/usr/share/gnome:/home/yifan/.local/share/flatpak/exports/share:/var/lib/flatpak/exports/share:/usr/local/share:/usr/share:/var/lib/snapd/desktop
# makefile (from 'Makefile.include', line 16)
SIM_TOP = SimTop
# automatic
^D = $(patsubst %/,%,$(dir $^))
# environment
VSCODE_LOG_STACK = false
# automatic
%F = $(notdir $%)
# environment
NVM_INC = /home/yifan/.nvm/versions/node/v18.0.0/include/node
# environment
CONDA_PROMPT_MODIFIER = (base) 
# environment
VSCODE_CODE_CACHE_PATH = /home/yifan/.config/Code/CachedData/da15b6fd3ef856477bf6f4fb29ba1b7af717770d
# environment
XDG_SESSION_PATH = /org/freedesktop/DisplayManager/Session1
# environment
LANG = C
# environment
XAUTHORITY = /home/yifan/.Xauthority
# default
.LOADED := 
# default
.INCLUDE_DIRS = /usr/local/include /usr/include /usr/include
# makefile
MAKEFLAGS = pqrR
# environment
PKG_CONFIG_PATH = /home/yifan/.opam/cs3110/lib/pkgconfig:/home/yifan/.opam/cs3110/lib/pkgconfig:
# makefile
CURDIR := /home/yifan/Documents/Fudan/Architecture/Arch-2022Spring-FDU
# environment
VSCODE_PIPE_LOGGING = true
# environment
APPLICATION_INSIGHTS_NO_DIAGNOSTIC_CHANNEL = 1
# environment
LESSOPEN = | /usr/bin/lesspipe %s
# makefile (from 'Makefile.include', line 14)
FPGATOP = NutShellFPGATop
# automatic
*D = $(patsubst %/,%,$(dir $*))
# environment
PAM_KWALLET5_LOGIN = /run/user/1000/kwallet5.socket
# environment
MFLAGS = -pqrR
# environment
SSH_AUTH_SOCK = /tmp/ssh-XXXXXXINqTGI/agent.5696
# default
.SHELLFLAGS := -c
# environment
NVM_BIN = /home/yifan/.nvm/versions/node/v18.0.0/bin
# environment
XDG_CONFIG_DIRS = /home/yifan/.config/kdedefaults:/etc/xdg/xdg-plasma:/etc/xdg
# automatic
+D = $(patsubst %/,%,$(dir $+))
# environment
XCURSOR_THEME = Vimix-cursors
# environment
XDG_SESSION_DESKTOP = KDE
# makefile (from 'Makefile.include', line 1)
MAKEFILE_LIST := Makefile Makefile.include
# environment
CONDA_SHLVL = 1
# automatic
@F = $(notdir $@)
# environment
OCAML_TOPLEVEL_PATH = /home/yifan/.opam/cs3110/lib/toplevel
# environment
VSCODE_VERBOSE_LOGGING = true
# environment
VSCODE_PID = 293580
# environment
HISTIGNORE = &:[ ]*:exit:ls:bg:fg:history:clear
# environment
XDG_SESSION_TYPE = x11
# automatic
?D = $(patsubst %/,%,$(dir $?))
# environment
CONDA_PYTHON_EXE = /home/yifan/anaconda3/bin/python
# environment
SESSION_MANAGER = local/yifan-Yoga-Pro-13sITL-2021:@/tmp/.ICE-unix/6617,unix/yifan-Yoga-Pro-13sITL-2021:/tmp/.ICE-unix/6617
# automatic
*F = $(notdir $*)
# environment
MANPATH = /home/yifan/.nvm/versions/node/v18.0.0/share/man::/usr/local/texlive/2022/texmf-dist/doc/man:/home/yifan/.opam/cs3110/man:/usr/local/texlive/2022/texmf-dist/doc/man:/home/yifan/.opam/cs3110/man
# environment
CHROME_DESKTOP = code-url-handler.desktop
# environment
DBUS_SESSION_BUS_ADDRESS = unix:path=/run/user/1000/bus
# automatic
<D = $(patsubst %/,%,$(dir $<))
# makefile (from 'Makefile.include', line 8)
DATAWIDTH = 64
# environment
VSCODE_NLS_CONFIG = {"locale":"en-us","availableLanguages":{},"_languagePackSupport":true}
# default
MAKE_HOST := x86_64-pc-linux-gnu
# environment
INFOPATH = /usr/local/texlive/2022/texmf-dist/doc/info:/usr/local/texlive/2022/texmf-dist/doc/info:
# makefile
SHELL = /bin/sh
# environment
CONDA_PREFIX = /home/yifan/anaconda3
# makefile (from 'Makefile.include', line 26)
DIFFTEST_OPTS = 
# default
MAKECMDGOALS := all
# environment
PLATFORMIO_CALLER = vscode
# environment
XMODIFIERS = @im=ibus
# environment
SHLVL = 0
# makefile (from 'Makefile.include', line 10)
SIMTOP = top.TopMain
# environment
MAKELEVEL := 0
# default
MAKE = $(MAKE_COMMAND)
# environment
PATH = /home/yifan/.opam/cs3110/bin:/home/yifan/.local/bin:/home/yifan/.nvm/versions/node/v18.0.0/bin:/home/yifan/anaconda3/bin:/home/yifan/anaconda3/condabin:/opt/Ingenic-SDK-T40-1.1.1-20220120/resource/toolchain/gcc_720/mips-gcc720-glibc226/bin:/usr/local/texlive/2022/bin/x86_64-linux:/home/yifan/.cargo/bin:/home/yifan/.opam/cs3110/bin:/home/yifan/.local/bin:/opt/Ingenic-SDK-T40-1.1.1-20220120/resource/toolchain/gcc_720/mips-gcc720-glibc226/bin:/usr/local/texlive/2022/bin/x86_64-linux:/usr/local/sbin:/usr/local/bin:/usr/sbin:/usr/bin:/sbin:/bin:/usr/games:/usr/local/games:/snap/bin
# default
MAKEFILES := 
# environment
LC_MONETARY = zh_CN.UTF-8
# automatic
^F = $(notdir $^)
# environment
LC_TIME = zh_CN.UTF-8
# environment
INVOCATION_ID = e486bc982ae9442e9341db5e2f153ca5
# environment
VSCODE_LOG_NATIVE = false
# makefile (from 'Makefile', line 1)
SCALA_FILE = $(shell find ./src/main/scala -name '*.scala' 2>/dev/null)
# makefile (from 'Makefile.include', line 18)
SIM_TOP_V = $(BUILD_DIR)/$(SIM_TOP).v
# environment
LC_TELEPHONE = zh_CN.UTF-8
# environment
LESSCLOSE = /usr/bin/lesspipe %s %s
# automatic
?F = $(notdir $?)
# environment
KDE_APPLICATIONS_AS_SCOPE = 1
# environment
XDG_SEAT = seat0
# environment
GTK_IM_MODULE = ibus
# environment
NO_PROXY = 127.0.0.1
# environment
XDG_CURRENT_DESKTOP = KDE
# environment
LS_COLORS = 
# automatic
+F = $(notdir $+)
# makefile (from 'Makefile.include', line 6)
CORE = inorder
# environment
XDG_SEAT_PATH = /org/freedesktop/DisplayManager/Seat0
# environment
LESS = -R
# environment
DESKTOP_SESSION = plasma
# environment
ORIGINAL_XDG_CURRENT_DESKTOP = KDE
# 'override' directive
GNUMAKEFLAGS := 
# environment
CONDA_DEFAULT_ENV = base
# environment
QT_SCREEN_SCALE_FACTORS = eDP-1=1.5;DP-1=1.5;DP-2=1.5;DP-3=1.5;DP-4=1.5;
# environment
CLUTTER_IM_MODULE = ibus
# environment
LOGNAME = yifan
# environment
define COMP_WORDBREAKS
 	
"'><=;|&(
endef
# environment
PLATFORMIO_PATH = /home/yifan/.platformio/python3/bin:/home/yifan/.opam/cs3110/bin:/home/yifan/.local/bin:/home/yifan/.nvm/versions/node/v18.0.0/bin:/home/yifan/anaconda3/bin:/home/yifan/anaconda3/condabin:/opt/Ingenic-SDK-T40-1.1.1-20220120/resource/toolchain/gcc_720/mips-gcc720-glibc226/bin:/usr/local/texlive/2022/bin/x86_64-linux:/home/yifan/.cargo/bin:/home/yifan/.opam/cs3110/bin:/home/yifan/.local/bin:/opt/Ingenic-SDK-T40-1.1.1-20220120/resource/toolchain/gcc_720/mips-gcc720-glibc226/bin:/usr/local/texlive/2022/bin/x86_64-linux:/usr/local/sbin:/usr/local/bin:/usr/sbin:/usr/bin:/sbin:/bin:/usr/games:/usr/local/games:/snap/bin
# environment
XDG_VTNR = 1
# makefile (from 'Makefile', line 7)
.DEFAULT_GOAL = verilog
# environment
SYSTEMD_EXEC_PID = 8963
# environment
DISPLAY = :0
# environment
USER = yifan
# default
MAKE_VERSION := 4.3
# environment
KDE_SESSION_UID = 1000
# 'override' directive
.SHELLSTATUS := 1
# environment
MANAGERPID = 5647
# makefile (from 'Makefile', line 5)
USE_READY_TO_RUN_NEMU = true
# environment
OPAM_SWITCH_PREFIX = /home/yifan/.opam/cs3110
# environment
LC_MEASUREMENT = zh_CN.UTF-8
# makefile (from 'Makefile', line 34)
NOOP_HOME = $(abspath .)
# environment
SSH_AGENT_PID = 5799
# environment
PAGER = less
# environment
_ = /usr/share/code/code
# environment
LC_PAPER = zh_CN.UTF-8
# environment
XDG_RUNTIME_DIR = /run/user/1000
# environment
GPG_AGENT_INFO = /run/user/1000/gnupg/S.gpg-agent:0:1
# environment
_CE_M = 
# environment
LC_CTYPE = en_US.UTF-8
# environment
NVM_CD_FLAGS = 
 
# environment
JOURNAL_STREAM = 8:45817
# environment
XDG_SESSION_CLASS = user
# environment
VSCODE_AMD_ENTRYPOINT = vs/workbench/api/node/extensionHostProcess
# environment
PLATFORMIO_IDE = 2.4.3
# environment
GTK2_RC_FILES = /etc/gtk-2.0/gtkrc:/home/yifan/.gtkrc-2.0:/home/yifan/.config/gtkrc-2.0
# environment
HOME = /home/yifan
# environment
QT_IM_MODULE = ibus
# environment
ELECTRON_RUN_AS_NODE = 1
# environment
VSCODE_IPC_HOOK = /run/user/1000/vscode-c5fc20c0-1.67.1-main.sock
# environment
XDG_SESSION_ID = 3
# environment
XCURSOR_SIZE = 24
# environment
IM_CONFIG_PHASE = 1
# makefile (from 'Makefile.include', line 12)
TOP = TopMain
# default
.RECIPEPREFIX := 
# automatic
<F = $(notdir $<)
# default
SUFFIXES := 
# environment
QT_AUTO_SCREEN_SCALE_FACTOR = 0
# environment
KDE_SESSION_VERSION = 5
# default
.FEATURES := target-specific order-only second-expansion else-if shortest-stem undefine oneshell nocomment grouped-target extra-prereqs archives jobserver output-sync check-symlink load
# makefile (from 'Makefile', line 12)
SCALA_CODE = "false"
# environment
KDE_FULL_SESSION = true
# makefile (from 'Makefile', line 3)
SYSTEMVERILOG_FILE = $(shell find ./vsrc -name '*.sv')
# environment
CONDA_EXE = /home/yifan/anaconda3/bin/conda
# environment
_CE_CONDA = 
# environment
LC_IDENTIFICATION = zh_CN.UTF-8
# variable set hash-table stats:
# Load=162/1024=16%, Rehash=0, Collisions=17/210=8%

# Pattern-specific Variable Values

# No pattern-specific variable values.

# Directories

# src: could not be stat'd.
# . (device 39, inode 1212766): 16 files, no impossibilities.

# 16 files, no impossibilities in 2 directories.

# Implicit Rules

# No implicit rules.

# Files

build/SimTop.v:
#  Implicit rule search has not been done.
#  Modification time never checked.
#  File has not been updated.
#  recipe to execute (from 'Makefile', line 18):
	mkdir -p build
	# cp -r vsrc/* build

sim:
#  Phony target (prerequisite of .PHONY).
#  Implicit rule search has not been done.
#  File does not exist.
#  File has not been updated.
#  recipe to execute (from 'Makefile', line 38):
	rm -rf build
	mkdir -p build
	# cp -r vsrc/* build
	make EMU_TRACE=1 emu -j12 NOOP_HOME=$(NOOP_HOME) NEMU_HOME=.

# Not a target:
Makefile.include:
#  Implicit rule search has been done.
#  Last modified 2022-03-20 19:06:15.150522502
#  File has been updated.
#  Successfully updated.

test-lab1: sim
#  Implicit rule search has not been done.
#  Modification time never checked.
#  File has not been updated.
#  recipe to execute (from 'Makefile', line 47):
	TEST=$(TEST) ./build/emu --diff ./riscv64-nemu-interpreter-so -i ./ready-to-run/lab1/lab1-test.bin $(VOPT) || true

verilog: build/SimTop.v
#  Phony target (prerequisite of .PHONY).
#  Implicit rule search has not been done.
#  File does not exist.
#  File has not been updated.

# Not a target:
Makefile:
#  Implicit rule search has been done.
#  Last modified 2022-04-22 18:26:13.310247647
#  File has been updated.
#  Successfully updated.

clean:
#  Phony target (prerequisite of .PHONY).
#  Implicit rule search has not been done.
#  File does not exist.
#  File has not been updated.
#  recipe to execute (from 'Makefile', line 32):
	rm -rf build out

sim-verilog: verilog
#  Implicit rule search has not been done.
#  Modification time never checked.
#  File has not been updated.

emu: verilog
#  Phony target (prerequisite of .PHONY).
#  Implicit rule search has not been done.
#  File does not exist.
#  File has not been updated.
#  recipe to execute (from 'Makefile', line 29):
	$(MAKE) -C ./difftest emu $(DIFFTEST_OPTS)

# Not a target:
.DEFAULT:
#  Implicit rule search has not been done.
#  Modification time never checked.
#  File has not been updated.

# Not a target:
all:
#  Command line target.
#  Implicit rule search has been done.
#  File does not exist.
#  File has not been updated.

test-lab2: sim
#  Implicit rule search has not been done.
#  Modification time never checked.
#  File has not been updated.
#  recipe to execute (from 'Makefile', line 50):
	TEST=$(TEST) ./build/emu --diff ./riscv64-nemu-interpreter-so -i ./ready-to-run/lab2/all-test-rv64i.bin $(VOPT) || true
		

test-lab1a: sim
#  Implicit rule search has not been done.
#  Modification time never checked.
#  File has not been updated.
#  recipe to execute (from 'Makefile', line 44):
	TEST=$(TEST) ./build/emu --diff ./riscv64-nemu-interpreter-so -i ./ready-to-run/lab1/lab1-test-a.bin $(VOPT) || true

.PHONY: verilog emu clean sim
#  Implicit rule search has not been done.
#  Modification time never checked.
#  File has not been updated.

# files hash-table stats:
# Load=15/1024=1%, Rehash=0, Collisions=0/36=0%
# VPATH Search Paths

# No 'vpath' search paths.

# No general ('VPATH' variable) search path.

# strcache buffers: 1 (0) / strings = 32 / storage = 302 B / avg = 9 B
# current buf: size = 8162 B / used = 302 B / count = 32 / avg = 9 B

# strcache performance: lookups = 58 / hit rate = 44%
# hash-table stats:
# Load=32/8192=0%, Rehash=0, Collisions=0/58=0%
# Finished Make data base on Thu May 12 11:23:47 2022

 
